[07/Feb/2019 01:57:12] "GET / HTTP/1.1" 302 0
[07/Feb/2019 01:57:12] "GET /wizard/ HTTP/1.1" 200 17605
[07/Feb/2019 01:57:12] "GET /wizard/ HTTP/1.1" 200 17605
Not Found: /sw.js
[07/Feb/2019 01:57:13] "GET /sw.js HTTP/1.1" 404 4672
[07/Feb/2019 01:57:13] "GET /static/assets/img/favicon.png HTTP/1.1" 200 9257
[07/Feb/2019 01:57:17] "GET /category/ HTTP/1.1" 200 16621
Not Found: /sw.js
[07/Feb/2019 01:57:18] "GET /sw.js HTTP/1.1" 404 4672
[07/Feb/2019 02:00:31] "GET /admin/ HTTP/1.1" 200 4205
[07/Feb/2019 02:00:31] "GET /static/admin/css/dashboard.css HTTP/1.1" 200 412
[07/Feb/2019 02:00:31] "GET /static/admin/css/base.css HTTP/1.1" 200 16225
[07/Feb/2019 02:00:31] "GET /static/admin/css/responsive.css HTTP/1.1" 200 17976
[07/Feb/2019 02:00:31] "GET /static/admin/css/fonts.css HTTP/1.1" 200 423
[07/Feb/2019 02:00:31] "GET /static/admin/img/icon-addlink.svg HTTP/1.1" 200 331
[07/Feb/2019 02:00:31] "GET /static/admin/img/icon-changelink.svg HTTP/1.1" 200 380
[07/Feb/2019 02:00:31] "GET /static/admin/fonts/Roboto-Light-webfont.woff HTTP/1.1" 200 81348
[07/Feb/2019 02:00:31] "GET /static/admin/fonts/Roboto-Bold-webfont.woff HTTP/1.1" 200 82564
[07/Feb/2019 02:00:31] "GET /static/admin/fonts/Roboto-Regular-webfont.woff HTTP/1.1" 200 80304
[07/Feb/2019 02:00:37] "GET /admin/haikuapp/category/ HTTP/1.1" 200 3201
[07/Feb/2019 02:00:37] "GET /static/admin/js/core.js HTTP/1.1" 200 7134
[07/Feb/2019 02:00:37] "GET /static/admin/js/jquery.init.js HTTP/1.1" 200 363
[07/Feb/2019 02:00:37] "GET /admin/jsi18n/ HTTP/1.1" 200 3185
[07/Feb/2019 02:00:37] "GET /static/admin/js/admin/RelatedObjectLookups.js HTTP/1.1" 200 6918
[07/Feb/2019 02:00:37] "GET /static/admin/js/prepopulate.js HTTP/1.1" 200 1530
[07/Feb/2019 02:00:37] "GET /static/admin/js/urlify.js HTTP/1.1" 200 8972
[07/Feb/2019 02:00:37] "GET /static/admin/css/changelists.css HTTP/1.1" 200 6170
[07/Feb/2019 02:00:37] "GET /static/admin/js/actions.js HTTP/1.1" 200 6538
[07/Feb/2019 02:00:37] "GET /static/admin/js/vendor/xregexp/xregexp.js HTTP/1.1" 200 128820
[07/Feb/2019 02:00:37] "GET /static/admin/js/vendor/jquery/jquery.js HTTP/1.1" 200 271751
[07/Feb/2019 02:00:38] "GET /static/admin/img/tooltag-add.svg HTTP/1.1" 200 331
[07/Feb/2019 02:00:39] "GET /admin/haikuapp/category/add/ HTTP/1.1" 200 5001
[07/Feb/2019 02:00:39] "GET /admin/jsi18n/ HTTP/1.1" 200 3185
[07/Feb/2019 02:00:39] "GET /static/admin/css/forms.css HTTP/1.1" 200 8505
[07/Feb/2019 02:00:39] "GET /static/admin/js/change_form.js HTTP/1.1" 200 712
[07/Feb/2019 02:00:39] "GET /static/admin/js/prepopulate_init.js HTTP/1.1" 200 495
[07/Feb/2019 02:00:39] "GET /static/admin/css/widgets.css HTTP/1.1" 200 10340
[07/Feb/2019 02:01:01] "POST /admin/haikuapp/category/add/ HTTP/1.1" 302 0
[07/Feb/2019 02:01:01] "GET /admin/haikuapp/category/ HTTP/1.1" 200 4554
[07/Feb/2019 02:01:01] "GET /admin/jsi18n/ HTTP/1.1" 200 3185
[07/Feb/2019 02:01:01] "GET /static/admin/img/icon-yes.svg HTTP/1.1" 200 436
[07/Feb/2019 02:01:05] "GET /admin/haikuapp/ HTTP/1.1" 200 2955
Internal Server Error: /admin/haikuapp/template/
Traceback (most recent call last):
  File "/Users/kjy/virtualenv/haiku_django_env/lib/python3.6/site-packages/django/db/backends/utils.py", line 85, in _execute
    return self.cursor.execute(sql, params)
  File "/Users/kjy/virtualenv/haiku_django_env/lib/python3.6/site-packages/django/db/backends/sqlite3/base.py", line 296, in execute
    return Database.Cursor.execute(self, query, params)
sqlite3.OperationalError: no such column: haikuapp_template.vertical

The above exception was the direct cause of the following exception:

Traceback (most recent call last):
  File "/Users/kjy/virtualenv/haiku_django_env/lib/python3.6/site-packages/django/core/handlers/exception.py", line 34, in inner
    response = get_response(request)
  File "/Users/kjy/virtualenv/haiku_django_env/lib/python3.6/site-packages/django/core/handlers/base.py", line 126, in _get_response
    response = self.process_exception_by_middleware(e, request)
  File "/Users/kjy/virtualenv/haiku_django_env/lib/python3.6/site-packages/django/core/handlers/base.py", line 124, in _get_response
    response = wrapped_callback(request, *callback_args, **callback_kwargs)
  File "/Users/kjy/virtualenv/haiku_django_env/lib/python3.6/site-packages/django/contrib/admin/options.py", line 607, in wrapper
    return self.admin_site.admin_view(view)(*args, **kwargs)
  File "/Users/kjy/virtualenv/haiku_django_env/lib/python3.6/site-packages/django/utils/decorators.py", line 142, in _wrapped_view
    response = view_func(request, *args, **kwargs)
  File "/Users/kjy/virtualenv/haiku_django_env/lib/python3.6/site-packages/django/views/decorators/cache.py", line 44, in _wrapped_view_func
    response = view_func(request, *args, **kwargs)
  File "/Users/kjy/virtualenv/haiku_django_env/lib/python3.6/site-packages/django/contrib/admin/sites.py", line 223, in inner
    return view(request, *args, **kwargs)
  File "/Users/kjy/virtualenv/haiku_django_env/lib/python3.6/site-packages/django/utils/decorators.py", line 45, in _wrapper
    return bound_method(*args, **kwargs)
  File "/Users/kjy/virtualenv/haiku_django_env/lib/python3.6/site-packages/django/utils/decorators.py", line 142, in _wrapped_view
    response = view_func(request, *args, **kwargs)
  File "/Users/kjy/virtualenv/haiku_django_env/lib/python3.6/site-packages/django/contrib/admin/options.py", line 1803, in changelist_view
    'selection_note': _('0 of %(cnt)s selected') % {'cnt': len(cl.result_list)},
  File "/Users/kjy/virtualenv/haiku_django_env/lib/python3.6/site-packages/django/db/models/query.py", line 250, in __len__
    self._fetch_all()
  File "/Users/kjy/virtualenv/haiku_django_env/lib/python3.6/site-packages/django/db/models/query.py", line 1183, in _fetch_all
    self._result_cache = list(self._iterable_class(self))
  File "/Users/kjy/virtualenv/haiku_django_env/lib/python3.6/site-packages/django/db/models/query.py", line 54, in __iter__
    results = compiler.execute_sql(chunked_fetch=self.chunked_fetch, chunk_size=self.chunk_size)
  File "/Users/kjy/virtualenv/haiku_django_env/lib/python3.6/site-packages/django/db/models/sql/compiler.py", line 1061, in execute_sql
    cursor.execute(sql, params)
  File "/Users/kjy/virtualenv/haiku_django_env/lib/python3.6/site-packages/django/db/backends/utils.py", line 100, in execute
    return super().execute(sql, params)
  File "/Users/kjy/virtualenv/haiku_django_env/lib/python3.6/site-packages/django/db/backends/utils.py", line 68, in execute
    return self._execute_with_wrappers(sql, params, many=False, executor=self._execute)
  File "/Users/kjy/virtualenv/haiku_django_env/lib/python3.6/site-packages/django/db/backends/utils.py", line 77, in _execute_with_wrappers
    return executor(sql, params, many, context)
  File "/Users/kjy/virtualenv/haiku_django_env/lib/python3.6/site-packages/django/db/backends/utils.py", line 85, in _execute
    return self.cursor.execute(sql, params)
  File "/Users/kjy/virtualenv/haiku_django_env/lib/python3.6/site-packages/django/db/utils.py", line 89, in __exit__
    raise dj_exc_value.with_traceback(traceback) from exc_value
  File "/Users/kjy/virtualenv/haiku_django_env/lib/python3.6/site-packages/django/db/backends/utils.py", line 85, in _execute
    return self.cursor.execute(sql, params)
  File "/Users/kjy/virtualenv/haiku_django_env/lib/python3.6/site-packages/django/db/backends/sqlite3/base.py", line 296, in execute
    return Database.Cursor.execute(self, query, params)
django.db.utils.OperationalError: no such column: haikuapp_template.vertical
[07/Feb/2019 02:01:07] "GET /admin/haikuapp/template/ HTTP/1.1" 500 158684
[07/Feb/2019 02:03:10] "GET /admin/haikuapp/ HTTP/1.1" 200 2955
[07/Feb/2019 02:03:16] "GET / HTTP/1.1" 302 0
[07/Feb/2019 02:03:16] "GET /wizard/ HTTP/1.1" 200 17605
Not Found: /sw.js
[07/Feb/2019 02:03:16] "GET /sw.js HTTP/1.1" 404 4672
Not Found: /wizardasdf
[07/Feb/2019 02:03:19] "GET /wizardasdf HTTP/1.1" 404 4687
[07/Feb/2019 02:05:45] "GET / HTTP/1.1" 302 0
[07/Feb/2019 02:05:45] "GET /wizard/ HTTP/1.1" 200 17605
Not Found: /sw.js
[07/Feb/2019 02:05:46] "GET /sw.js HTTP/1.1" 404 4672
[07/Feb/2019 02:05:49] "GET /category/ HTTP/1.1" 200 17331
[07/Feb/2019 02:05:49] "GET /media/category/Screen_Shot_2019-01-04_at_6.39.56_AM.png HTTP/1.1" 200 95393
Not Found: /sw.js
[07/Feb/2019 02:05:49] "GET /sw.js HTTP/1.1" 404 4672
Internal Server Error: /category/1/templates/
Traceback (most recent call last):
  File "/Users/kjy/virtualenv/haiku_django_env/lib/python3.6/site-packages/django/db/backends/utils.py", line 85, in _execute
    return self.cursor.execute(sql, params)
  File "/Users/kjy/virtualenv/haiku_django_env/lib/python3.6/site-packages/django/db/backends/sqlite3/base.py", line 296, in execute
    return Database.Cursor.execute(self, query, params)
sqlite3.OperationalError: no such column: haikuapp_template.vertical

The above exception was the direct cause of the following exception:

Traceback (most recent call last):
  File "/Users/kjy/virtualenv/haiku_django_env/lib/python3.6/site-packages/django/core/handlers/exception.py", line 34, in inner
    response = get_response(request)
  File "/Users/kjy/virtualenv/haiku_django_env/lib/python3.6/site-packages/django/core/handlers/base.py", line 126, in _get_response
    response = self.process_exception_by_middleware(e, request)
  File "/Users/kjy/virtualenv/haiku_django_env/lib/python3.6/site-packages/django/core/handlers/base.py", line 124, in _get_response
    response = wrapped_callback(request, *callback_args, **callback_kwargs)
  File "/Users/kjy/virtualenv/haiku_django_env/lib/python3.6/site-packages/django/contrib/auth/decorators.py", line 21, in _wrapped_view
    return view_func(request, *args, **kwargs)
  File "/Volumes/Data/Workspace/Upwork Project/Haiku_FAB/haiku_user_dashboard/haikuapp/views.py", line 158, in templates
    return render(request, 'templates.html', {'category': category, 'template': template})
  File "/Users/kjy/virtualenv/haiku_django_env/lib/python3.6/site-packages/django/shortcuts.py", line 36, in render
    content = loader.render_to_string(template_name, context, request, using=using)
  File "/Users/kjy/virtualenv/haiku_django_env/lib/python3.6/site-packages/django/template/loader.py", line 62, in render_to_string
    return template.render(context, request)
  File "/Users/kjy/virtualenv/haiku_django_env/lib/python3.6/site-packages/django/template/backends/django.py", line 61, in render
    return self.template.render(context)
  File "/Users/kjy/virtualenv/haiku_django_env/lib/python3.6/site-packages/django/template/base.py", line 171, in render
    return self._render(context)
  File "/Users/kjy/virtualenv/haiku_django_env/lib/python3.6/site-packages/django/template/base.py", line 163, in _render
    return self.nodelist.render(context)
  File "/Users/kjy/virtualenv/haiku_django_env/lib/python3.6/site-packages/django/template/base.py", line 937, in render
    bit = node.render_annotated(context)
  File "/Users/kjy/virtualenv/haiku_django_env/lib/python3.6/site-packages/django/template/base.py", line 904, in render_annotated
    return self.render(context)
  File "/Users/kjy/virtualenv/haiku_django_env/lib/python3.6/site-packages/django/template/loader_tags.py", line 150, in render
    return compiled_parent._render(context)
  File "/Users/kjy/virtualenv/haiku_django_env/lib/python3.6/site-packages/django/template/base.py", line 163, in _render
    return self.nodelist.render(context)
  File "/Users/kjy/virtualenv/haiku_django_env/lib/python3.6/site-packages/django/template/base.py", line 937, in render
    bit = node.render_annotated(context)
  File "/Users/kjy/virtualenv/haiku_django_env/lib/python3.6/site-packages/django/template/base.py", line 904, in render_annotated
    return self.render(context)
  File "/Users/kjy/virtualenv/haiku_django_env/lib/python3.6/site-packages/django/template/loader_tags.py", line 62, in render
    result = block.nodelist.render(context)
  File "/Users/kjy/virtualenv/haiku_django_env/lib/python3.6/site-packages/django/template/base.py", line 937, in render
    bit = node.render_annotated(context)
  File "/Users/kjy/virtualenv/haiku_django_env/lib/python3.6/site-packages/django/template/base.py", line 904, in render_annotated
    return self.render(context)
  File "/Users/kjy/virtualenv/haiku_django_env/lib/python3.6/site-packages/django/template/defaulttags.py", line 166, in render
    len_values = len(values)
  File "/Users/kjy/virtualenv/haiku_django_env/lib/python3.6/site-packages/django/db/models/query.py", line 250, in __len__
    self._fetch_all()
  File "/Users/kjy/virtualenv/haiku_django_env/lib/python3.6/site-packages/django/db/models/query.py", line 1183, in _fetch_all
    self._result_cache = list(self._iterable_class(self))
  File "/Users/kjy/virtualenv/haiku_django_env/lib/python3.6/site-packages/django/db/models/query.py", line 54, in __iter__
    results = compiler.execute_sql(chunked_fetch=self.chunked_fetch, chunk_size=self.chunk_size)
  File "/Users/kjy/virtualenv/haiku_django_env/lib/python3.6/site-packages/django/db/models/sql/compiler.py", line 1061, in execute_sql
    cursor.execute(sql, params)
  File "/Users/kjy/virtualenv/haiku_django_env/lib/python3.6/site-packages/django/db/backends/utils.py", line 100, in execute
    return super().execute(sql, params)
  File "/Users/kjy/virtualenv/haiku_django_env/lib/python3.6/site-packages/django/db/backends/utils.py", line 68, in execute
    return self._execute_with_wrappers(sql, params, many=False, executor=self._execute)
  File "/Users/kjy/virtualenv/haiku_django_env/lib/python3.6/site-packages/django/db/backends/utils.py", line 77, in _execute_with_wrappers
    return executor(sql, params, many, context)
  File "/Users/kjy/virtualenv/haiku_django_env/lib/python3.6/site-packages/django/db/backends/utils.py", line 85, in _execute
    return self.cursor.execute(sql, params)
  File "/Users/kjy/virtualenv/haiku_django_env/lib/python3.6/site-packages/django/db/utils.py", line 89, in __exit__
    raise dj_exc_value.with_traceback(traceback) from exc_value
  File "/Users/kjy/virtualenv/haiku_django_env/lib/python3.6/site-packages/django/db/backends/utils.py", line 85, in _execute
    return self.cursor.execute(sql, params)
  File "/Users/kjy/virtualenv/haiku_django_env/lib/python3.6/site-packages/django/db/backends/sqlite3/base.py", line 296, in execute
    return Database.Cursor.execute(self, query, params)
django.db.utils.OperationalError: no such column: haikuapp_template.vertical
[07/Feb/2019 02:05:52] "GET /category/1/templates/ HTTP/1.1" 500 208613
[07/Feb/2019 02:15:04] "GET /category/1/templates/ HTTP/1.1" 200 16670
[07/Feb/2019 02:15:04] "GET /static/assets/css/material-dashboard.css HTTP/1.1" 304 0
[07/Feb/2019 02:15:04] "GET /static/assets/css/custom.css HTTP/1.1" 304 0
[07/Feb/2019 02:15:04] "GET /static/assets/js/core/jquery.min.js HTTP/1.1" 304 0
[07/Feb/2019 02:15:04] "GET /static/assets/js/core/popper.min.js HTTP/1.1" 304 0
[07/Feb/2019 02:15:04] "GET /static/assets/js/plugins/chartist.min.js HTTP/1.1" 304 0
[07/Feb/2019 02:15:04] "GET /static/assets/js/core/bootstrap-material-design.min.js HTTP/1.1" 304 0
[07/Feb/2019 02:15:04] "GET /static/assets/js/plugins/perfect-scrollbar.jquery.min.js HTTP/1.1" 304 0
[07/Feb/2019 02:15:05] "GET /static/assets/js/plugins/bootstrap-notify.js HTTP/1.1" 304 0
[07/Feb/2019 02:15:05] "GET /static/assets/js/material-dashboard.min.js HTTP/1.1" 304 0
Not Found: /sw.js
[07/Feb/2019 02:15:05] "GET /sw.js HTTP/1.1" 404 4672
[07/Feb/2019 02:15:11] "GET /cards/ HTTP/1.1" 200 16976
Not Found: /sw.js
[07/Feb/2019 02:15:11] "GET /sw.js HTTP/1.1" 404 4672
[07/Feb/2019 02:15:12] "GET /category/ HTTP/1.1" 200 17331
[07/Feb/2019 02:15:12] "GET /media/category/Screen_Shot_2019-01-04_at_6.39.56_AM.png HTTP/1.1" 304 0
Not Found: /sw.js
[07/Feb/2019 02:15:12] "GET /sw.js HTTP/1.1" 404 4672
[07/Feb/2019 02:15:13] "GET /category/1/templates/ HTTP/1.1" 200 16670
Not Found: /sw.js
[07/Feb/2019 02:15:13] "GET /sw.js HTTP/1.1" 404 4672
[07/Feb/2019 02:15:23] "GET /cards/ HTTP/1.1" 200 16976
Not Found: /sw.js
[07/Feb/2019 02:15:23] "GET /sw.js HTTP/1.1" 404 4672
[07/Feb/2019 02:15:25] "GET /cards/ HTTP/1.1" 200 16976
Not Found: /sw.js
[07/Feb/2019 02:15:25] "GET /sw.js HTTP/1.1" 404 4672
[07/Feb/2019 02:15:27] "GET /category/ HTTP/1.1" 200 17331
Not Found: /sw.js
[07/Feb/2019 02:15:28] "GET /sw.js HTTP/1.1" 404 4672
[07/Feb/2019 02:15:29] "GET /cards/ HTTP/1.1" 200 16976
Not Found: /sw.js
[07/Feb/2019 02:15:29] "GET /sw.js HTTP/1.1" 404 4672
[07/Feb/2019 02:15:30] "GET /category/ HTTP/1.1" 200 17331
Not Found: /sw.js
[07/Feb/2019 02:15:30] "GET /sw.js HTTP/1.1" 404 4672
[07/Feb/2019 02:22:42] "GET / HTTP/1.1" 302 0
[07/Feb/2019 02:22:42] "GET /wizard/ HTTP/1.1" 200 17605
[07/Feb/2019 02:51:11] "GET / HTTP/1.1" 302 0
[07/Feb/2019 02:51:11] "GET /wizard/ HTTP/1.1" 200 17605
[07/Feb/2019 12:10:41] "GET /category/1/templates/ HTTP/1.1" 200 16670
[07/Feb/2019 12:10:41] "GET /cards/ HTTP/1.1" 200 16976
[07/Feb/2019 12:10:42] "GET /static/assets/js/core/jquery.min.js HTTP/1.1" 304 0
[07/Feb/2019 12:10:42] "GET /static/assets/css/custom.css HTTP/1.1" 304 0
[07/Feb/2019 12:10:42] "GET /static/assets/css/material-dashboard.css HTTP/1.1" 304 0
[07/Feb/2019 12:10:42] "GET /static/assets/js/core/popper.min.js HTTP/1.1" 304 0
[07/Feb/2019 12:10:42] "GET /static/assets/js/plugins/perfect-scrollbar.jquery.min.js HTTP/1.1" 304 0
[07/Feb/2019 12:10:42] "GET /static/assets/js/plugins/chartist.min.js HTTP/1.1" 304 0
[07/Feb/2019 12:10:42] "GET /static/assets/js/core/bootstrap-material-design.min.js HTTP/1.1" 304 0
[07/Feb/2019 12:10:42] "GET /static/assets/js/material-dashboard.min.js HTTP/1.1" 304 0
[07/Feb/2019 12:10:42] "GET /static/assets/js/plugins/bootstrap-notify.js HTTP/1.1" 304 0
Not Found: /sw.js
[07/Feb/2019 12:10:44] "GET /sw.js HTTP/1.1" 404 4672
[07/Feb/2019 12:10:45] "GET /category/ HTTP/1.1" 200 17331
[07/Feb/2019 12:10:46] "GET /media/category/Screen_Shot_2019-01-04_at_6.39.56_AM.png HTTP/1.1" 304 0
Not Found: /sw.js
[07/Feb/2019 12:10:46] "GET /sw.js HTTP/1.1" 404 4672
[07/Feb/2019 12:10:48] "GET /category/1/templates/ HTTP/1.1" 200 16670
Not Found: /sw.js
[07/Feb/2019 12:10:48] "GET /sw.js HTTP/1.1" 404 4672
[08/Feb/2019 04:04:15] "GET /cards/ HTTP/1.1" 200 16976
[08/Feb/2019 04:04:15] "GET /cards/ HTTP/1.1" 200 16976
[08/Feb/2019 04:04:15] "GET /category/ HTTP/1.1" 200 17331
[08/Feb/2019 04:04:16] "GET /static/assets/css/material-dashboard.css HTTP/1.1" 304 0
[08/Feb/2019 04:04:16] "GET /static/assets/css/custom.css HTTP/1.1" 304 0
[08/Feb/2019 04:04:16] "GET /media/category/Screen_Shot_2019-01-04_at_6.39.56_AM.png HTTP/1.1" 304 0
[08/Feb/2019 04:04:16] "GET /static/assets/js/core/jquery.min.js HTTP/1.1" 304 0
[08/Feb/2019 04:04:16] "GET /static/assets/js/plugins/chartist.min.js HTTP/1.1" 304 0
[08/Feb/2019 04:04:16] "GET /static/assets/js/core/bootstrap-material-design.min.js HTTP/1.1" 304 0
[08/Feb/2019 04:04:16] "GET /static/assets/js/core/popper.min.js HTTP/1.1" 304 0
[08/Feb/2019 04:04:16] "GET /static/assets/js/plugins/perfect-scrollbar.jquery.min.js HTTP/1.1" 304 0
[08/Feb/2019 04:04:16] "GET /static/assets/js/plugins/bootstrap-notify.js HTTP/1.1" 304 0
[08/Feb/2019 04:04:16] "GET /static/assets/js/material-dashboard.min.js HTTP/1.1" 304 0
Not Found: /sw.js
[08/Feb/2019 04:04:18] "GET /sw.js HTTP/1.1" 404 4672
[08/Feb/2019 06:21:58] "GET /cards/ HTTP/1.1" 200 16976
Not Found: /sw.js
[08/Feb/2019 06:21:58] "GET /sw.js HTTP/1.1" 404 4672
[08/Feb/2019 06:22:00] "GET /category/ HTTP/1.1" 200 17331
Not Found: /sw.js
[08/Feb/2019 06:22:01] "GET /sw.js HTTP/1.1" 404 4672
[11/Feb/2019 01:40:00] "GET /cards/ HTTP/1.1" 200 16976
[11/Feb/2019 01:40:02] "GET /static/assets/css/custom.css HTTP/1.1" 200 26383
[11/Feb/2019 01:40:02] "GET /static/assets/js/plugins/perfect-scrollbar.jquery.min.js HTTP/1.1" 200 25332
[11/Feb/2019 01:40:02] "GET /static/assets/js/core/popper.min.js HTTP/1.1" 200 33477
[11/Feb/2019 01:40:02] "GET /static/assets/js/core/bootstrap-material-design.min.js HTTP/1.1" 200 76652
[11/Feb/2019 01:40:02] "GET /static/assets/js/core/jquery.min.js HTTP/1.1" 200 145741
[11/Feb/2019 01:40:02] "GET /static/assets/css/material-dashboard.css HTTP/1.1" 200 434318
[11/Feb/2019 01:40:02] "GET /static/assets/js/material-dashboard.min.js HTTP/1.1" 200 7098
[11/Feb/2019 01:40:02] "GET /static/assets/js/plugins/bootstrap-notify.js HTTP/1.1" 200 14466
[11/Feb/2019 01:40:02] "GET /static/assets/js/plugins/chartist.min.js HTTP/1.1" 200 40174
Not Found: /sw.js
[11/Feb/2019 01:40:04] "GET /sw.js HTTP/1.1" 404 4672
[11/Feb/2019 01:40:04] "GET /static/assets/img/favicon.png HTTP/1.1" 200 9257
[11/Feb/2019 01:40:06] "GET /category/ HTTP/1.1" 200 17331
[11/Feb/2019 01:40:07] "GET /media/category/Screen_Shot_2019-01-04_at_6.39.56_AM.png HTTP/1.1" 200 95393
Not Found: /sw.js
[11/Feb/2019 01:40:07] "GET /sw.js HTTP/1.1" 404 4672
[11/Feb/2019 03:46:48] "GET /logout/ HTTP/1.1" 302 0
[11/Feb/2019 03:46:49] "GET /login/ HTTP/1.1" 200 4863
Not Found: /sw.js
[11/Feb/2019 03:46:54] "GET /sw.js HTTP/1.1" 404 4672
[11/Feb/2019 03:47:35] "POST /login/ HTTP/1.1" 302 0
[11/Feb/2019 03:47:35] "GET /wizard/ HTTP/1.1" 200 17605
[11/Feb/2019 03:47:35] "GET /static/assets/img/rocket.png HTTP/1.1" 200 104544
Not Found: /sw.js
[11/Feb/2019 03:47:36] "GET /sw.js HTTP/1.1" 404 4672
[11/Feb/2019 03:47:42] "GET /admin HTTP/1.1" 301 0
[11/Feb/2019 03:47:42] "GET /admin/ HTTP/1.1" 200 4527
[11/Feb/2019 03:47:43] "GET /static/admin/css/dashboard.css HTTP/1.1" 200 412
[11/Feb/2019 03:47:43] "GET /static/admin/css/responsive.css HTTP/1.1" 200 17976
[11/Feb/2019 03:47:43] "GET /static/admin/css/base.css HTTP/1.1" 200 16225
[11/Feb/2019 03:47:43] "GET /static/admin/css/fonts.css HTTP/1.1" 200 423
[11/Feb/2019 03:47:43] "GET /static/admin/img/icon-changelink.svg HTTP/1.1" 200 380
[11/Feb/2019 03:47:43] "GET /static/admin/img/icon-addlink.svg HTTP/1.1" 200 331
[11/Feb/2019 03:47:43] "GET /static/admin/fonts/Roboto-Light-webfont.woff HTTP/1.1" 200 81348
[11/Feb/2019 03:47:43] "GET /static/admin/fonts/Roboto-Bold-webfont.woff HTTP/1.1" 200 82564
[11/Feb/2019 03:47:43] "GET /static/admin/fonts/Roboto-Regular-webfont.woff HTTP/1.1" 200 80304
[11/Feb/2019 03:47:57] "GET /admin/logout/ HTTP/1.1" 200 1207
[11/Feb/2019 03:48:00] "GET /admin/ HTTP/1.1" 302 0
[11/Feb/2019 03:48:00] "GET /admin/login/?next=/admin/ HTTP/1.1" 200 1819
[11/Feb/2019 03:48:00] "GET /static/admin/css/login.css HTTP/1.1" 200 1203
[11/Feb/2019 03:48:05] "GET / HTTP/1.1" 302 0
[11/Feb/2019 03:48:05] "GET /wizard/ HTTP/1.1" 302 0
[11/Feb/2019 03:48:05] "GET /login?next=/wizard/ HTTP/1.1" 301 0
[11/Feb/2019 03:48:06] "GET /login/?next=/wizard/ HTTP/1.1" 200 4863
Not Found: /sw.js
[11/Feb/2019 03:48:06] "GET /sw.js HTTP/1.1" 404 4672
[11/Feb/2019 13:22:40] "POST /login/ HTTP/1.1" 302 0
[11/Feb/2019 13:22:40] "GET /wizard/ HTTP/1.1" 200 17605
[11/Feb/2019 13:22:40] "GET /static/assets/js/core/jquery.min.js HTTP/1.1" 304 0
[11/Feb/2019 13:22:40] "GET /static/assets/css/custom.css HTTP/1.1" 304 0
[11/Feb/2019 13:22:40] "GET /static/assets/css/material-dashboard.css HTTP/1.1" 304 0
[11/Feb/2019 13:22:40] "GET /static/assets/js/core/popper.min.js HTTP/1.1" 304 0
[11/Feb/2019 13:22:40] "GET /static/assets/js/core/bootstrap-material-design.min.js HTTP/1.1" 304 0
[11/Feb/2019 13:22:40] "GET /static/assets/js/plugins/perfect-scrollbar.jquery.min.js HTTP/1.1" 304 0
[11/Feb/2019 13:22:40] "GET /static/assets/js/plugins/chartist.min.js HTTP/1.1" 304 0
[11/Feb/2019 13:22:41] "GET /static/assets/js/material-dashboard.min.js HTTP/1.1" 304 0
[11/Feb/2019 13:22:41] "GET /static/assets/js/plugins/bootstrap-notify.js HTTP/1.1" 304 0
[11/Feb/2019 13:22:41] "GET /static/assets/img/rocket.png HTTP/1.1" 200 104544
Not Found: /sw.js
[11/Feb/2019 13:22:42] "GET /sw.js HTTP/1.1" 404 4672
[11/Feb/2019 13:40:25] "GET /logout/ HTTP/1.1" 302 0
[11/Feb/2019 13:40:25] "GET /login/ HTTP/1.1" 200 4863
Not Found: /sw.js
[11/Feb/2019 13:40:29] "GET /sw.js HTTP/1.1" 404 4672
[11/Feb/2019 13:40:32] "POST /login/ HTTP/1.1" 200 5205
Not Found: /sw.js
[11/Feb/2019 13:40:33] "GET /sw.js HTTP/1.1" 404 4672
[11/Feb/2019 14:04:35] "GET /static/assets/js/_site_dashboard_free/assets/js/dashboard-free.js.map HTTP/1.1" 404 1810
[11/Feb/2019 14:26:36] "POST /login/ HTTP/1.1" 200 5205
Not Found: /sw.js
[11/Feb/2019 14:26:38] "GET /sw.js HTTP/1.1" 404 4672
[11/Feb/2019 14:26:38] "GET /static/assets/img/favicon.png HTTP/1.1" 200 9257
[11/Feb/2019 14:26:41] "POST /login/ HTTP/1.1" 302 0
[11/Feb/2019 14:26:41] "GET /wizard/ HTTP/1.1" 200 17605
Not Found: /sw.js
[11/Feb/2019 14:26:42] "GET /sw.js HTTP/1.1" 404 4672
Performing system checks...

System check identified no issues (0 silenced).
February 07, 2019 - 01:57:12
Django version 2.1, using settings 'haiku.settings'
Starting development server at http://0.0.0.0:8000/
Quit the server with CONTROL-C.
[13/Feb/2019 16:37:44] "GET /logout/ HTTP/1.1" 302 0
[13/Feb/2019 16:37:45] "GET /login/ HTTP/1.1" 200 4863
[13/Feb/2019 16:37:46] "GET /static/assets/css/custom.css HTTP/1.1" 200 26383
[13/Feb/2019 16:37:46] "GET /static/assets/js/core/popper.min.js HTTP/1.1" 200 33477
[13/Feb/2019 16:37:46] "GET /static/assets/js/plugins/perfect-scrollbar.jquery.min.js HTTP/1.1" 200 25332
[13/Feb/2019 16:37:46] "GET /static/assets/js/core/bootstrap-material-design.min.js HTTP/1.1" 200 76652
[13/Feb/2019 16:37:46] "GET /static/assets/js/core/jquery.min.js HTTP/1.1" 200 145741
[13/Feb/2019 16:37:46] "GET /static/assets/css/material-dashboard.css HTTP/1.1" 200 434318
[13/Feb/2019 16:37:46] "GET /static/assets/js/plugins/chartist.min.js HTTP/1.1" 200 40174
[13/Feb/2019 16:37:46] "GET /static/assets/js/material-dashboard.min.js HTTP/1.1" 200 7098
[13/Feb/2019 16:37:46] "GET /static/assets/js/plugins/bootstrap-notify.js HTTP/1.1" 200 14466
Not Found: /sw.js
[13/Feb/2019 16:37:48] "GET /sw.js HTTP/1.1" 404 4672
[13/Feb/2019 16:37:48] "GET /static/assets/img/favicon.png HTTP/1.1" 200 9257
